<?xml version="1.0" encoding="UTF-8"?>
<!-- Generated by org.testng.reporters.JUnitReportReporter -->
<testsuite hostname="DESKTOP-94EN0I1" failures="0" tests="2" name="Basics.Login" time="17.705" errors="0" timestamp="2024-01-17T16:02:08 IST" skipped="0">
  <testcase classname="Basics.Login" name="login" time="10.471">
    <system-out>
      <![CDATA[browser launched
website is open]]>
    </system-out>
  </testcase> <!-- login -->
  <testcase classname="Basics.Login" name="login" time="7.234">
    <system-out>
      <![CDATA[browser launched
website is open]]>
    </system-out>
  </testcase> <!-- login -->
  <system-out>
    <![CDATA[browser launched
website is open
browser launched
website is open]]>
  </system-out>
</testsuite> <!-- Basics.Login -->
