<?xml version="1.0" encoding="UTF-8"?>
<!-- Generated by org.testng.reporters.JUnitReportReporter -->
<testsuite hostname="DESKTOP-94EN0I1" failures="0" tests="2" name="Basics.BasicSynchronization" time="24.133" errors="0" timestamp="2024-01-17T14:57:38 IST" skipped="0">
  <testcase classname="Basics.BasicSynchronization" name="test" time="12.032"/>
  <testcase classname="Basics.BasicSynchronization" name="test" time="12.101"/>
</testsuite> <!-- Basics.BasicSynchronization -->
