<?xml version="1.0" encoding="UTF-8"?>
<!-- Generated by org.testng.reporters.JUnitReportReporter -->
<testsuite hostname="DESKTOP-94EN0I1" failures="0" tests="3" name="Basics.LearningDataProdvider" time="0.010" errors="0" timestamp="2024-01-17T18:01:52 IST" skipped="0">
  <testcase classname="Basics.LearningDataProdvider" name="disp" time="0.002"/>
  <testcase classname="Basics.LearningDataProdvider" name="disp" time="0.007"/>
  <testcase classname="Basics.LearningDataProdvider" name="disp" time="0.001"/>
</testsuite> <!-- Basics.LearningDataProdvider -->
