<?xml version="1.0" encoding="UTF-8"?>
<!-- Generated by org.testng.reporters.JUnitReportReporter -->
<testsuite hostname="DESKTOP-94EN0I1" failures="0" tests="1" name="Basics.AddingProductTestng" time="14.502" errors="0" timestamp="2024-01-17T17:21:47 IST" skipped="0">
  <testcase classname="Basics.AddingProductTestng" name="addTOCart" time="14.502"/>
</testsuite> <!-- Basics.AddingProductTestng -->
