<?xml version="1.0" encoding="UTF-8"?>
<!-- Generated by org.testng.reporters.JUnitReportReporter -->
<testsuite hostname="DESKTOP-94EN0I1" failures="0" tests="3" name="Basics.LoginData" time="73.714" errors="0" timestamp="2024-01-19T11:43:04 IST" skipped="0">
  <testcase classname="Basics.LoginData" name="login" time="17.875"/>
  <testcase classname="Basics.LoginData" name="login" time="50.359"/>
  <testcase classname="Basics.LoginData" name="login" time="5.480"/>
</testsuite> <!-- Basics.LoginData -->
